<testsuites id="" name="" tests="25" failures="15" skipped="10" errors="0" time="35.639820000007745">
<testsuite name="ui/todo/accessibility-todo.spec.ts" timestamp="2025-03-07T00:35:30.129Z" hostname="ui-tests" tests="1" failures="1" skipped="0" time="2.589" errors="0">
<testcase name="Accessibility scan for Todo App" classname="ui/todo/accessibility-todo.spec.ts" time="2.589">
<properties>
[...]
</properties>
<failure message="accessibility-todo.spec.ts:4:5 Accessibility scan for Todo App" type="FAILURE">
<![CDATA[  [ui-tests] › ui/todo/accessibility-todo.spec.ts:4:5 › Accessibility scan for Todo App › Navigate to Todo App 

    Error: page.goto: Protocol error (Page.navigate): Cannot navigate to invalid URL
    Call log:
      - navigating to "/todomvc", waiting until "load"


       at ../src/page-objects/todo/todo-page.ts:40

      38 |   @step("Navigate to Todo App")
      39 |   async navigateToTodoApp(): Promise<void> {
    > 40 |     await this.page.goto("/todomvc");
         |                     ^
      41 |   }
      42 |
      43 |   @step("Create a new todo")

        at TodoPage.call (/Users/anlakra/workspace/playwright-typescript-framework/src/page-objects/todo/todo-page.ts:40:21)
        at /Users/anlakra/workspace/playwright-typescript-framework/src/utilities/test-utils.ts:55:29
        at TodoPage.navigateToTodoApp (/Users/anlakra/workspace/playwright-typescript-framework/src/utilities/test-utils.ts:54:19)
        at /Users/anlakra/workspace/playwright-typescript-framework/tests/ui/todo/accessibility-todo.spec.ts:5:18

    attachment #1: screenshot (image/png) ──────────────────────────────────────────────────────────
    test-results/todo-accessibility-todo-Accessibility-scan-for-Todo-App-ui-tests/test-failed-1.png
    ────────────────────────────────────────────────────────────────────────────────────────────────
]]>
</failure>
</testcase>
</testsuite>
<testsuite name="ui/todo/todo.spec.ts" timestamp="2025-03-07T00:35:30.129Z" hostname="ui-tests" tests="24" failures="14" skipped="10" time="230.115" errors="0">
<testcase name="New Todo › should allow me to add todo items" classname="ui/todo/todo.spec.ts" time="1.645">
<properties>
[...]
</properties>
<failure message="todo.spec.ts:14:7 should allow me to add todo items" type="FAILURE">
<![CDATA[  [ui-tests] › ui/todo/todo.spec.ts:14:7 › New Todo › should allow me to add todo items ────────────

    Error: page.goto: Protocol error (Page.navigate): Cannot navigate to invalid URL
    Call log:
      - navigating to "/todomvc", waiting until "load"


       at ../src/page-objects/todo/todo-page.ts:40

      38 |   @step("Navigate to Todo App")
      39 |   async navigateToTodoApp(): Promise<void> {
    > 40 |     await this.page.goto("/todomvc");
         |                     ^
      41 |   }
      42 |
      43 |   @step("Create a new todo")

        at TodoPage.call (/Users/anlakra/workspace/playwright-typescript-framework/src/page-objects/todo/todo-page.ts:40:21)
        at /Users/anlakra/workspace/playwright-typescript-framework/src/utilities/test-utils.ts:55:29
        at TodoPage.navigateToTodoApp (/Users/anlakra/workspace/playwright-typescript-framework/src/utilities/test-utils.ts:54:19)
        at /Users/anlakra/workspace/playwright-typescript-framework/tests/ui/todo/todo.spec.ts:10:18

    attachment #1: screenshot (image/png) ──────────────────────────────────────────────────────────
    test-results/todo-todo-New-Todo-should-allow-me-to-add-todo-items-ui-tests/test-failed-1.png
    ────────────────────────────────────────────────────────────────────────────────────────────────
]]>
</failure>
</testcase>
<testcase name="New Todo › should clear text input field when an item is added" classname="ui/todo/todo.spec.ts" time="2.539">
<properties>
[...]
</properties>
<failure message="todo.spec.ts:33:7 should clear text input field when an item is added" type="FAILURE">
<![CDATA[  [ui-tests] › ui/todo/todo.spec.ts:33:7 › New Todo › should clear text input field when an item is added 

    Error: page.goto: Protocol error (Page.navigate): Cannot navigate to invalid URL
    Call log:
      - navigating to "/todomvc", waiting until "load"


       at ../src/page-objects/todo/todo-page.ts:40

      38 |   @step("Navigate to Todo App")
      39 |   async navigateToTodoApp(): Promise<void> {
    > 40 |     await this.page.goto("/todomvc");
         |                     ^
      41 |   }
      42 |
      43 |   @step("Create a new todo")

        at TodoPage.call (/Users/anlakra/workspace/playwright-typescript-framework/src/page-objects/todo/todo-page.ts:40:21)
        at /Users/anlakra/workspace/playwright-typescript-framework/src/utilities/test-utils.ts:55:29
        at TodoPage.navigateToTodoApp (/Users/anlakra/workspace/playwright-typescript-framework/src/utilities/test-utils.ts:54:19)
        at /Users/anlakra/workspace/playwright-typescript-framework/tests/ui/todo/todo.spec.ts:10:18

    attachment #1: screenshot (image/png) ──────────────────────────────────────────────────────────
    test-results/todo-todo-New-Todo-should--0c886-field-when-an-item-is-added-ui-tests/test-failed-1.png
    ────────────────────────────────────────────────────────────────────────────────────────────────
]]>
</failure>
</testcase>
<testcase name="New Todo › should append new items to the bottom of the list" classname="ui/todo/todo.spec.ts" time="1.563">
<properties>
[...]
</properties>
<failure message="todo.spec.ts:43:7 should append new items to the bottom of the list" type="FAILURE">
<![CDATA[  [ui-tests] › ui/todo/todo.spec.ts:43:7 › New Todo › should append new items to the bottom of the list 

    Error: page.goto: Protocol error (Page.navigate): Cannot navigate to invalid URL
    Call log:
      - navigating to "/todomvc", waiting until "load"


       at ../src/page-objects/todo/todo-page.ts:40

      38 |   @step("Navigate to Todo App")
      39 |   async navigateToTodoApp(): Promise<void> {
    > 40 |     await this.page.goto("/todomvc");
         |                     ^
      41 |   }
      42 |
      43 |   @step("Create a new todo")

        at TodoPage.call (/Users/anlakra/workspace/playwright-typescript-framework/src/page-objects/todo/todo-page.ts:40:21)
        at /Users/anlakra/workspace/playwright-typescript-framework/src/utilities/test-utils.ts:55:29
        at TodoPage.navigateToTodoApp (/Users/anlakra/workspace/playwright-typescript-framework/src/utilities/test-utils.ts:54:19)
        at /Users/anlakra/workspace/playwright-typescript-framework/tests/ui/todo/todo.spec.ts:10:18

    attachment #1: screenshot (image/png) ──────────────────────────────────────────────────────────
    test-results/todo-todo-New-Todo-should--98d66-s-to-the-bottom-of-the-list-ui-tests/test-failed-1.png
    ────────────────────────────────────────────────────────────────────────────────────────────────
]]>
</failure>
</testcase>
<testcase name="Mark all as completed › should allow me to mark all items as completed" classname="ui/todo/todo.spec.ts" time="30.042">
<properties>
[...]
</properties>
<failure message="todo.spec.ts:72:7 should allow me to mark all items as completed" type="FAILURE">
<![CDATA[  [ui-tests] › ui/todo/todo.spec.ts:72:7 › Mark all as completed › should allow me to mark all items as completed 

    Error: page.goto: Protocol error (Page.navigate): Cannot navigate to invalid URL
    Call log:
      - navigating to "/todomvc", waiting until "load"


       at ../src/page-objects/todo/todo-page.ts:40

      38 |   @step("Navigate to Todo App")
      39 |   async navigateToTodoApp(): Promise<void> {
    > 40 |     await this.page.goto("/todomvc");
         |                     ^
      41 |   }
      42 |
      43 |   @step("Create a new todo")

        at TodoPage.call (/Users/anlakra/workspace/playwright-typescript-framework/src/page-objects/todo/todo-page.ts:40:21)
        at /Users/anlakra/workspace/playwright-typescript-framework/src/utilities/test-utils.ts:55:29
        at TodoPage.navigateToTodoApp (/Users/anlakra/workspace/playwright-typescript-framework/src/utilities/test-utils.ts:54:19)
        at /Users/anlakra/workspace/playwright-typescript-framework/tests/ui/todo/todo.spec.ts:10:18

    Test timeout of 30000ms exceeded while running "beforeEach" hook.

      64 |
      65 | test.describe("Mark all as completed", () => {
    > 66 |   test.beforeEach(async ({ todoPage }) => {
         |        ^
      67 |     for (const item of TODO_ITEMS) {
      68 |       await todoPage.createTodo(item);
      69 |     }

        at /Users/anlakra/workspace/playwright-typescript-framework/tests/ui/todo/todo.spec.ts:66:8

    Error: locator.fill: Test ended.
    Call log:
      - waiting for getByPlaceholder('What needs to be done?')


       at ../src/page-objects/todo/todo-page.ts:45

      43 |   @step("Create a new todo")
      44 |   async createTodo(todoText: string): Promise<void> {
    > 45 |     await this.newTodoInput.fill(todoText);
         |                             ^
      46 |     await this.newTodoInput.press("Enter");
      47 |   }
      48 |

        at TodoPage.call (/Users/anlakra/workspace/playwright-typescript-framework/src/page-objects/todo/todo-page.ts:45:29)
        at /Users/anlakra/workspace/playwright-typescript-framework/src/utilities/test-utils.ts:55:29
        at TodoPage.createTodo (/Users/anlakra/workspace/playwright-typescript-framework/src/utilities/test-utils.ts:54:19)
        at /Users/anlakra/workspace/playwright-typescript-framework/tests/ui/todo/todo.spec.ts:68:22

    attachment #1: screenshot (image/png) ──────────────────────────────────────────────────────────
    test-results/todo-todo-Mark-all-as-comp-91a2f-mark-all-items-as-completed-ui-tests/test-failed-1.png
    ────────────────────────────────────────────────────────────────────────────────────────────────
]]>
</failure>
</testcase>
<testcase name="Mark all as completed › should allow me to clear the complete state of all items" classname="ui/todo/todo.spec.ts" time="30.051">
<properties>
[...]
</properties>
<failure message="todo.spec.ts:85:7 should allow me to clear the complete state of all items" type="FAILURE">
<![CDATA[  [ui-tests] › ui/todo/todo.spec.ts:85:7 › Mark all as completed › should allow me to clear the complete state of all items 

    Error: page.goto: Protocol error (Page.navigate): Cannot navigate to invalid URL
    Call log:
      - navigating to "/todomvc", waiting until "load"


       at ../src/page-objects/todo/todo-page.ts:40

      38 |   @step("Navigate to Todo App")
      39 |   async navigateToTodoApp(): Promise<void> {
    > 40 |     await this.page.goto("/todomvc");
         |                     ^
      41 |   }
      42 |
      43 |   @step("Create a new todo")

        at TodoPage.call (/Users/anlakra/workspace/playwright-typescript-framework/src/page-objects/todo/todo-page.ts:40:21)
        at /Users/anlakra/workspace/playwright-typescript-framework/src/utilities/test-utils.ts:55:29
        at TodoPage.navigateToTodoApp (/Users/anlakra/workspace/playwright-typescript-framework/src/utilities/test-utils.ts:54:19)
        at /Users/anlakra/workspace/playwright-typescript-framework/tests/ui/todo/todo.spec.ts:10:18

    Test timeout of 30000ms exceeded while running "beforeEach" hook.

      64 |
      65 | test.describe("Mark all as completed", () => {
    > 66 |   test.beforeEach(async ({ todoPage }) => {
         |        ^
      67 |     for (const item of TODO_ITEMS) {
      68 |       await todoPage.createTodo(item);
      69 |     }

        at /Users/anlakra/workspace/playwright-typescript-framework/tests/ui/todo/todo.spec.ts:66:8

    Error: locator.fill: Test ended.
    Call log:
      - waiting for getByPlaceholder('What needs to be done?')


       at ../src/page-objects/todo/todo-page.ts:45

      43 |   @step("Create a new todo")
      44 |   async createTodo(todoText: string): Promise<void> {
    > 45 |     await this.newTodoInput.fill(todoText);
         |                             ^
      46 |     await this.newTodoInput.press("Enter");
      47 |   }
      48 |

        at TodoPage.call (/Users/anlakra/workspace/playwright-typescript-framework/src/page-objects/todo/todo-page.ts:45:29)
        at /Users/anlakra/workspace/playwright-typescript-framework/src/utilities/test-utils.ts:55:29
        at TodoPage.createTodo (/Users/anlakra/workspace/playwright-typescript-framework/src/utilities/test-utils.ts:54:19)
        at /Users/anlakra/workspace/playwright-typescript-framework/tests/ui/todo/todo.spec.ts:68:22

    attachment #1: screenshot (image/png) ──────────────────────────────────────────────────────────
    test-results/todo-todo-Mark-all-as-comp-71c96-complete-state-of-all-items-ui-tests/test-failed-1.png
    ────────────────────────────────────────────────────────────────────────────────────────────────
]]>
</failure>
</testcase>
<testcase name="Mark all as completed › complete all checkbox should update state when items are completed / cleared" classname="ui/todo/todo.spec.ts" time="30.065">
<properties>
[...]
</properties>
<failure message="todo.spec.ts:98:7 complete all checkbox should update state when items are completed / cleared" type="FAILURE">
<![CDATA[  [ui-tests] › ui/todo/todo.spec.ts:98:7 › Mark all as completed › complete all checkbox should update state when items are completed / cleared 

    Error: page.goto: Protocol error (Page.navigate): Cannot navigate to invalid URL
    Call log:
      - navigating to "/todomvc", waiting until "load"


       at ../src/page-objects/todo/todo-page.ts:40

      38 |   @step("Navigate to Todo App")
      39 |   async navigateToTodoApp(): Promise<void> {
    > 40 |     await this.page.goto("/todomvc");
         |                     ^
      41 |   }
      42 |
      43 |   @step("Create a new todo")

        at TodoPage.call (/Users/anlakra/workspace/playwright-typescript-framework/src/page-objects/todo/todo-page.ts:40:21)
        at /Users/anlakra/workspace/playwright-typescript-framework/src/utilities/test-utils.ts:55:29
        at TodoPage.navigateToTodoApp (/Users/anlakra/workspace/playwright-typescript-framework/src/utilities/test-utils.ts:54:19)
        at /Users/anlakra/workspace/playwright-typescript-framework/tests/ui/todo/todo.spec.ts:10:18

    Test timeout of 30000ms exceeded while running "beforeEach" hook.

      64 |
      65 | test.describe("Mark all as completed", () => {
    > 66 |   test.beforeEach(async ({ todoPage }) => {
         |        ^
      67 |     for (const item of TODO_ITEMS) {
      68 |       await todoPage.createTodo(item);
      69 |     }

        at /Users/anlakra/workspace/playwright-typescript-framework/tests/ui/todo/todo.spec.ts:66:8

    Error: locator.fill: Test ended.
    Call log:
      - waiting for getByPlaceholder('What needs to be done?')


       at ../src/page-objects/todo/todo-page.ts:45

      43 |   @step("Create a new todo")
      44 |   async createTodo(todoText: string): Promise<void> {
    > 45 |     await this.newTodoInput.fill(todoText);
         |                             ^
      46 |     await this.newTodoInput.press("Enter");
      47 |   }
      48 |

        at TodoPage.call (/Users/anlakra/workspace/playwright-typescript-framework/src/page-objects/todo/todo-page.ts:45:29)
        at /Users/anlakra/workspace/playwright-typescript-framework/src/utilities/test-utils.ts:55:29
        at TodoPage.createTodo (/Users/anlakra/workspace/playwright-typescript-framework/src/utilities/test-utils.ts:54:19)
        at /Users/anlakra/workspace/playwright-typescript-framework/tests/ui/todo/todo.spec.ts:68:22

    attachment #1: screenshot (image/png) ──────────────────────────────────────────────────────────
    test-results/todo-todo-Mark-all-as-comp-58c2d-items-are-completed-cleared-ui-tests/test-failed-1.png
    ────────────────────────────────────────────────────────────────────────────────────────────────
]]>
</failure>
</testcase>
<testcase name="Item › should allow me to mark items as complete" classname="ui/todo/todo.spec.ts" time="1.044">
<properties>
[...]
</properties>
<failure message="todo.spec.ts:117:7 should allow me to mark items as complete" type="FAILURE">
<![CDATA[  [ui-tests] › ui/todo/todo.spec.ts:117:7 › Item › should allow me to mark items as complete ───────

    Error: page.goto: Protocol error (Page.navigate): Cannot navigate to invalid URL
    Call log:
      - navigating to "/todomvc", waiting until "load"


       at ../src/page-objects/todo/todo-page.ts:40

      38 |   @step("Navigate to Todo App")
      39 |   async navigateToTodoApp(): Promise<void> {
    > 40 |     await this.page.goto("/todomvc");
         |                     ^
      41 |   }
      42 |
      43 |   @step("Create a new todo")

        at TodoPage.call (/Users/anlakra/workspace/playwright-typescript-framework/src/page-objects/todo/todo-page.ts:40:21)
        at /Users/anlakra/workspace/playwright-typescript-framework/src/utilities/test-utils.ts:55:29
        at TodoPage.navigateToTodoApp (/Users/anlakra/workspace/playwright-typescript-framework/src/utilities/test-utils.ts:54:19)
        at /Users/anlakra/workspace/playwright-typescript-framework/tests/ui/todo/todo.spec.ts:10:18

    attachment #1: screenshot (image/png) ──────────────────────────────────────────────────────────
    test-results/todo-todo-Item-should-allow-me-to-mark-items-as-complete-ui-tests/test-failed-1.png
    ────────────────────────────────────────────────────────────────────────────────────────────────
]]>
</failure>
</testcase>
<testcase name="Item › should allow me to un-mark items as complete" classname="ui/todo/todo.spec.ts" time="0.427">
<properties>
[...]
</properties>
<failure message="todo.spec.ts:139:7 should allow me to un-mark items as complete" type="FAILURE">
<![CDATA[  [ui-tests] › ui/todo/todo.spec.ts:139:7 › Item › should allow me to un-mark items as complete ────

    Error: page.goto: Protocol error (Page.navigate): Cannot navigate to invalid URL
    Call log:
      - navigating to "/todomvc", waiting until "load"


       at ../src/page-objects/todo/todo-page.ts:40

      38 |   @step("Navigate to Todo App")
      39 |   async navigateToTodoApp(): Promise<void> {
    > 40 |     await this.page.goto("/todomvc");
         |                     ^
      41 |   }
      42 |
      43 |   @step("Create a new todo")

        at TodoPage.call (/Users/anlakra/workspace/playwright-typescript-framework/src/page-objects/todo/todo-page.ts:40:21)
        at /Users/anlakra/workspace/playwright-typescript-framework/src/utilities/test-utils.ts:55:29
        at TodoPage.navigateToTodoApp (/Users/anlakra/workspace/playwright-typescript-framework/src/utilities/test-utils.ts:54:19)
        at /Users/anlakra/workspace/playwright-typescript-framework/tests/ui/todo/todo.spec.ts:10:18

    attachment #1: screenshot (image/png) ──────────────────────────────────────────────────────────
    test-results/todo-todo-Item-should-allow-me-to-un-mark-items-as-complete-ui-tests/test-failed-1.png
    ────────────────────────────────────────────────────────────────────────────────────────────────
]]>
</failure>
</testcase>
<testcase name="Item › should allow me to edit an item" classname="ui/todo/todo.spec.ts" time="0.879">
<properties>
[...]
</properties>
<failure message="todo.spec.ts:156:7 should allow me to edit an item" type="FAILURE">
<![CDATA[  [ui-tests] › ui/todo/todo.spec.ts:156:7 › Item › should allow me to edit an item ─────────────────

    Error: page.goto: Protocol error (Page.navigate): Cannot navigate to invalid URL
    Call log:
      - navigating to "/todomvc", waiting until "load"


       at ../src/page-objects/todo/todo-page.ts:40

      38 |   @step("Navigate to Todo App")
      39 |   async navigateToTodoApp(): Promise<void> {
    > 40 |     await this.page.goto("/todomvc");
         |                     ^
      41 |   }
      42 |
      43 |   @step("Create a new todo")

        at TodoPage.call (/Users/anlakra/workspace/playwright-typescript-framework/src/page-objects/todo/todo-page.ts:40:21)
        at /Users/anlakra/workspace/playwright-typescript-framework/src/utilities/test-utils.ts:55:29
        at TodoPage.navigateToTodoApp (/Users/anlakra/workspace/playwright-typescript-framework/src/utilities/test-utils.ts:54:19)
        at /Users/anlakra/workspace/playwright-typescript-framework/tests/ui/todo/todo.spec.ts:10:18

    attachment #1: screenshot (image/png) ──────────────────────────────────────────────────────────
    test-results/todo-todo-Item-should-allow-me-to-edit-an-item-ui-tests/test-failed-1.png
    ────────────────────────────────────────────────────────────────────────────────────────────────
]]>
</failure>
</testcase>
<testcase name="Editing › should hide other controls when editing" classname="ui/todo/todo.spec.ts" time="30.054">
<properties>
[...]
</properties>
<failure message="todo.spec.ts:191:7 should hide other controls when editing" type="FAILURE">
<![CDATA[  [ui-tests] › ui/todo/todo.spec.ts:191:7 › Editing › should hide other controls when editing ──────

    Error: page.goto: Protocol error (Page.navigate): Cannot navigate to invalid URL
    Call log:
      - navigating to "/todomvc", waiting until "load"


       at ../src/page-objects/todo/todo-page.ts:40

      38 |   @step("Navigate to Todo App")
      39 |   async navigateToTodoApp(): Promise<void> {
    > 40 |     await this.page.goto("/todomvc");
         |                     ^
      41 |   }
      42 |
      43 |   @step("Create a new todo")

        at TodoPage.call (/Users/anlakra/workspace/playwright-typescript-framework/src/page-objects/todo/todo-page.ts:40:21)
        at /Users/anlakra/workspace/playwright-typescript-framework/src/utilities/test-utils.ts:55:29
        at TodoPage.navigateToTodoApp (/Users/anlakra/workspace/playwright-typescript-framework/src/utilities/test-utils.ts:54:19)
        at /Users/anlakra/workspace/playwright-typescript-framework/tests/ui/todo/todo.spec.ts:10:18

    Test timeout of 30000ms exceeded while running "beforeEach" hook.

      183 |
      184 | test.describe("Editing", () => {
    > 185 |   test.beforeEach(async ({ todoPage }) => {
          |        ^
      186 |     for (const item of TODO_ITEMS) {
      187 |       await todoPage.createTodo(item);
      188 |     }

        at /Users/anlakra/workspace/playwright-typescript-framework/tests/ui/todo/todo.spec.ts:185:8

    Error: locator.fill: Test ended.
    Call log:
      - waiting for getByPlaceholder('What needs to be done?')


       at ../src/page-objects/todo/todo-page.ts:45

      43 |   @step("Create a new todo")
      44 |   async createTodo(todoText: string): Promise<void> {
    > 45 |     await this.newTodoInput.fill(todoText);
         |                             ^
      46 |     await this.newTodoInput.press("Enter");
      47 |   }
      48 |

        at TodoPage.call (/Users/anlakra/workspace/playwright-typescript-framework/src/page-objects/todo/todo-page.ts:45:29)
        at /Users/anlakra/workspace/playwright-typescript-framework/src/utilities/test-utils.ts:55:29
        at TodoPage.createTodo (/Users/anlakra/workspace/playwright-typescript-framework/src/utilities/test-utils.ts:54:19)
        at /Users/anlakra/workspace/playwright-typescript-framework/tests/ui/todo/todo.spec.ts:187:22

    attachment #1: screenshot (image/png) ──────────────────────────────────────────────────────────
    test-results/todo-todo-Editing-should-hide-other-controls-when-editing-ui-tests/test-failed-1.png
    ────────────────────────────────────────────────────────────────────────────────────────────────
]]>
</failure>
</testcase>
<testcase name="Editing › should save edits on blur" classname="ui/todo/todo.spec.ts" time="30.042">
<properties>
[...]
</properties>
<failure message="todo.spec.ts:201:7 should save edits on blur" type="FAILURE">
<![CDATA[  [ui-tests] › ui/todo/todo.spec.ts:201:7 › Editing › should save edits on blur ────────────────────

    Error: page.goto: Protocol error (Page.navigate): Cannot navigate to invalid URL
    Call log:
      - navigating to "/todomvc", waiting until "load"


       at ../src/page-objects/todo/todo-page.ts:40

      38 |   @step("Navigate to Todo App")
      39 |   async navigateToTodoApp(): Promise<void> {
    > 40 |     await this.page.goto("/todomvc");
         |                     ^
      41 |   }
      42 |
      43 |   @step("Create a new todo")

        at TodoPage.call (/Users/anlakra/workspace/playwright-typescript-framework/src/page-objects/todo/todo-page.ts:40:21)
        at /Users/anlakra/workspace/playwright-typescript-framework/src/utilities/test-utils.ts:55:29
        at TodoPage.navigateToTodoApp (/Users/anlakra/workspace/playwright-typescript-framework/src/utilities/test-utils.ts:54:19)
        at /Users/anlakra/workspace/playwright-typescript-framework/tests/ui/todo/todo.spec.ts:10:18

    Test timeout of 30000ms exceeded while running "beforeEach" hook.

      183 |
      184 | test.describe("Editing", () => {
    > 185 |   test.beforeEach(async ({ todoPage }) => {
          |        ^
      186 |     for (const item of TODO_ITEMS) {
      187 |       await todoPage.createTodo(item);
      188 |     }

        at /Users/anlakra/workspace/playwright-typescript-framework/tests/ui/todo/todo.spec.ts:185:8

    Error: locator.fill: Test ended.
    Call log:
      - waiting for getByPlaceholder('What needs to be done?')


       at ../src/page-objects/todo/todo-page.ts:45

      43 |   @step("Create a new todo")
      44 |   async createTodo(todoText: string): Promise<void> {
    > 45 |     await this.newTodoInput.fill(todoText);
         |                             ^
      46 |     await this.newTodoInput.press("Enter");
      47 |   }
      48 |

        at TodoPage.call (/Users/anlakra/workspace/playwright-typescript-framework/src/page-objects/todo/todo-page.ts:45:29)
        at /Users/anlakra/workspace/playwright-typescript-framework/src/utilities/test-utils.ts:55:29
        at TodoPage.createTodo (/Users/anlakra/workspace/playwright-typescript-framework/src/utilities/test-utils.ts:54:19)
        at /Users/anlakra/workspace/playwright-typescript-framework/tests/ui/todo/todo.spec.ts:187:22

    attachment #1: screenshot (image/png) ──────────────────────────────────────────────────────────
    test-results/todo-todo-Editing-should-save-edits-on-blur-ui-tests/test-failed-1.png
    ────────────────────────────────────────────────────────────────────────────────────────────────
]]>
</failure>
</testcase>
<testcase name="Editing › should trim entered text" classname="ui/todo/todo.spec.ts" time="30.044">
<properties>
[...]
</properties>
<failure message="todo.spec.ts:221:7 should trim entered text" type="FAILURE">
<![CDATA[  [ui-tests] › ui/todo/todo.spec.ts:221:7 › Editing › should trim entered text ─────────────────────

    Error: page.goto: Protocol error (Page.navigate): Cannot navigate to invalid URL
    Call log:
      - navigating to "/todomvc", waiting until "load"


       at ../src/page-objects/todo/todo-page.ts:40

      38 |   @step("Navigate to Todo App")
      39 |   async navigateToTodoApp(): Promise<void> {
    > 40 |     await this.page.goto("/todomvc");
         |                     ^
      41 |   }
      42 |
      43 |   @step("Create a new todo")

        at TodoPage.call (/Users/anlakra/workspace/playwright-typescript-framework/src/page-objects/todo/todo-page.ts:40:21)
        at /Users/anlakra/workspace/playwright-typescript-framework/src/utilities/test-utils.ts:55:29
        at TodoPage.navigateToTodoApp (/Users/anlakra/workspace/playwright-typescript-framework/src/utilities/test-utils.ts:54:19)
        at /Users/anlakra/workspace/playwright-typescript-framework/tests/ui/todo/todo.spec.ts:10:18

    Test timeout of 30000ms exceeded while running "beforeEach" hook.

      183 |
      184 | test.describe("Editing", () => {
    > 185 |   test.beforeEach(async ({ todoPage }) => {
          |        ^
      186 |     for (const item of TODO_ITEMS) {
      187 |       await todoPage.createTodo(item);
      188 |     }

        at /Users/anlakra/workspace/playwright-typescript-framework/tests/ui/todo/todo.spec.ts:185:8

    Error: locator.fill: Test ended.
    Call log:
      - waiting for getByPlaceholder('What needs to be done?')


       at ../src/page-objects/todo/todo-page.ts:45

      43 |   @step("Create a new todo")
      44 |   async createTodo(todoText: string): Promise<void> {
    > 45 |     await this.newTodoInput.fill(todoText);
         |                             ^
      46 |     await this.newTodoInput.press("Enter");
      47 |   }
      48 |

        at TodoPage.call (/Users/anlakra/workspace/playwright-typescript-framework/src/page-objects/todo/todo-page.ts:45:29)
        at /Users/anlakra/workspace/playwright-typescript-framework/src/utilities/test-utils.ts:55:29
        at TodoPage.createTodo (/Users/anlakra/workspace/playwright-typescript-framework/src/utilities/test-utils.ts:54:19)
        at /Users/anlakra/workspace/playwright-typescript-framework/tests/ui/todo/todo.spec.ts:187:22

    attachment #1: screenshot (image/png) ──────────────────────────────────────────────────────────
    test-results/todo-todo-Editing-should-trim-entered-text-ui-tests/test-failed-1.png
    ────────────────────────────────────────────────────────────────────────────────────────────────
]]>
</failure>
</testcase>
<testcase name="Editing › should remove the item if an empty text string was entered" classname="ui/todo/todo.spec.ts" time="30.049">
<properties>
[...]
</properties>
<skipped>
</skipped>
</testcase>
<testcase name="Editing › should cancel edits on escape" classname="ui/todo/todo.spec.ts" time="3.843">
<properties>
[...]
</properties>
<skipped>
</skipped>
</testcase>
<testcase name="Counter › should display the current number of todo items" classname="ui/todo/todo.spec.ts" time="1.144">
<properties>
[...]
</properties>
<failure message="todo.spec.ts:270:7 should display the current number of todo items" type="FAILURE">
<![CDATA[  [ui-tests] › ui/todo/todo.spec.ts:270:7 › Counter › should display the current number of todo items 

    Error: page.goto: Protocol error (Page.navigate): Cannot navigate to invalid URL
    Call log:
      - navigating to "/todomvc", waiting until "load"


       at ../src/page-objects/todo/todo-page.ts:40

      38 |   @step("Navigate to Todo App")
      39 |   async navigateToTodoApp(): Promise<void> {
    > 40 |     await this.page.goto("/todomvc");
         |                     ^
      41 |   }
      42 |
      43 |   @step("Create a new todo")

        at TodoPage.call (/Users/anlakra/workspace/playwright-typescript-framework/src/page-objects/todo/todo-page.ts:40:21)
        at /Users/anlakra/workspace/playwright-typescript-framework/src/utilities/test-utils.ts:55:29
        at TodoPage.navigateToTodoApp (/Users/anlakra/workspace/playwright-typescript-framework/src/utilities/test-utils.ts:54:19)
        at /Users/anlakra/workspace/playwright-typescript-framework/tests/ui/todo/todo.spec.ts:10:18

    attachment #1: screenshot (image/png) ──────────────────────────────────────────────────────────
    test-results/todo-todo-Counter-should-d-18d67-urrent-number-of-todo-items-ui-tests/test-failed-1.png
    ────────────────────────────────────────────────────────────────────────────────────────────────
]]>
</failure>
</testcase>
<testcase name="Clear completed button › should display the correct text" classname="ui/todo/todo.spec.ts" time="3.459">
<properties>
[...]
</properties>
<skipped>
</skipped>
</testcase>
<testcase name="Clear completed button › should remove completed items when clicked" classname="ui/todo/todo.spec.ts" time="2.004">
<properties>
[...]
</properties>
<skipped>
</skipped>
</testcase>
<testcase name="Clear completed button › should be hidden when there are no items that are completed" classname="ui/todo/todo.spec.ts" time="0.842">
<properties>
[...]
</properties>
<skipped>
</skipped>
</testcase>
<testcase name="Persistence › should persist its data" classname="ui/todo/todo.spec.ts" time="0.376">
<properties>
[...]
</properties>
<failure message="todo.spec.ts:321:7 should persist its data" type="FAILURE">
<![CDATA[  [ui-tests] › ui/todo/todo.spec.ts:321:7 › Persistence › should persist its data ──────────────────

    Error: page.goto: Protocol error (Page.navigate): Cannot navigate to invalid URL
    Call log:
      - navigating to "/todomvc", waiting until "load"


       at ../src/page-objects/todo/todo-page.ts:40

      38 |   @step("Navigate to Todo App")
      39 |   async navigateToTodoApp(): Promise<void> {
    > 40 |     await this.page.goto("/todomvc");
         |                     ^
      41 |   }
      42 |
      43 |   @step("Create a new todo")

        at TodoPage.call (/Users/anlakra/workspace/playwright-typescript-framework/src/page-objects/todo/todo-page.ts:40:21)
        at /Users/anlakra/workspace/playwright-typescript-framework/src/utilities/test-utils.ts:55:29
        at TodoPage.navigateToTodoApp (/Users/anlakra/workspace/playwright-typescript-framework/src/utilities/test-utils.ts:54:19)
        at /Users/anlakra/workspace/playwright-typescript-framework/tests/ui/todo/todo.spec.ts:10:18

    attachment #1: screenshot (image/png) ──────────────────────────────────────────────────────────
    test-results/todo-todo-Persistence-should-persist-its-data-ui-tests/test-failed-1.png
    ────────────────────────────────────────────────────────────────────────────────────────────────
]]>
</failure>
</testcase>
<testcase name="Routing › should allow me to display active items" classname="ui/todo/todo.spec.ts" time="0.003">
<properties>
<property name="testrun_evidence">
</property>
</properties>
<skipped>
</skipped>
</testcase>
<testcase name="Routing › should respect the back button" classname="ui/todo/todo.spec.ts" time="0">
<properties>
<property name="testrun_evidence">
</property>
</properties>
<skipped>
</skipped>
</testcase>
<testcase name="Routing › should allow me to display completed items" classname="ui/todo/todo.spec.ts" time="0">
<properties>
<property name="testrun_evidence">
</property>
</properties>
<skipped>
</skipped>
</testcase>
<testcase name="Routing › should allow me to display all items" classname="ui/todo/todo.spec.ts" time="0">
<properties>
<property name="testrun_evidence">
</property>
</properties>
<skipped>
</skipped>
</testcase>
<testcase name="Routing › should highlight the currently applied filter" classname="ui/todo/todo.spec.ts" time="0">
<properties>
<property name="testrun_evidence">
</property>
</properties>
<skipped>
</skipped>
</testcase>
</testsuite>
</testsuites>