TN:
SF:src/utilities/files/dataParser.ts
FN:102,(anonymous_0)
FN:141,(anonymous_1)
FN:172,(anonymous_2)
FN:200,(anonymous_3)
FN:253,(anonymous_4)
FN:276,(anonymous_5)
FN:291,(anonymous_6)
FN:295,(anonymous_7)
FN:304,(anonymous_8)
FN:317,(anonymous_9)
FN:321,(anonymous_10)
FNF:11
FNH:10
FNDA:10,(anonymous_0)
FNDA:3,(anonymous_1)
FNDA:0,(anonymous_2)
FNDA:5,(anonymous_3)
FNDA:3,(anonymous_4)
FNDA:1,(anonymous_5)
FNDA:1,(anonymous_6)
FNDA:3,(anonymous_7)
FNDA:1,(anonymous_8)
FNDA:1,(anonymous_9)
FNDA:3,(anonymous_10)
DA:2,1
DA:3,1
DA:4,1
DA:5,1
DA:85,1
DA:89,1
DA:107,10
DA:110,10
DA:111,10
DA:113,1
DA:117,9
DA:118,9
DA:119,9
DA:122,9
DA:123,3
DA:124,6
DA:125,5
DA:127,1
DA:148,3
DA:151,3
DA:161,3
DA:162,3
DA:165,2
DA:166,2
DA:169,0
DA:172,0
DA:177,1
DA:180,2
DA:207,5
DA:211,5
DA:212,5
DA:219,1
DA:225,4
DA:226,4
DA:227,1
DA:235,3
DA:238,3
DA:246,3
DA:247,2
DA:250,1
DA:251,1
DA:253,3
DA:257,3
DA:281,1
DA:282,1
DA:295,3
DA:308,1
DA:321,1
DA:322,3
DA:323,3
DA:324,3
DA:325,3
LF:52
LH:50
BRDA:122,0,0,3
BRDA:122,0,1,6
BRDA:124,1,0,5
BRDA:124,1,1,1
BRDA:154,2,0,3
BRDA:154,2,1,0
BRDA:165,3,0,2
BRDA:165,3,1,0
BRDA:166,4,0,2
BRDA:166,4,1,0
BRDA:169,5,0,0
BRDA:169,5,1,0
BRDA:225,6,0,4
BRDA:225,6,1,2
BRDA:226,7,0,1
BRDA:239,8,0,2
BRDA:239,8,1,1
BRDA:246,9,0,2
BRDA:246,9,1,1
BRDA:247,10,0,2
BRDA:247,10,1,0
BRDA:250,11,0,1
BRDA:250,11,1,0
BRDA:323,12,0,3
BRDA:323,12,1,2
BRF:25
BRH:18
end_of_record
TN:
SF:src/utilities/files/pdfValidator.ts
FN:15,(anonymous_9)
FN:34,(anonymous_10)
FN:35,(anonymous_11)
FN:38,(anonymous_12)
FN:58,(anonymous_13)
FN:80,(anonymous_14)
FN:83,(anonymous_15)
FN:96,(anonymous_16)
FN:99,(anonymous_17)
FN:117,(anonymous_18)
FNF:10
FNH:10
FNDA:3,(anonymous_9)
FNDA:2,(anonymous_10)
FNDA:2,(anonymous_11)
FNDA:1,(anonymous_12)
FNDA:2,(anonymous_13)
FNDA:2,(anonymous_14)
FNDA:2,(anonymous_15)
FNDA:2,(anonymous_16)
FNDA:2,(anonymous_17)
FNDA:3,(anonymous_18)
DA:7,1
DA:21,3
DA:24,3
DA:27,3
DA:28,3
DA:32,3
DA:34,4
DA:35,4
DA:38,2
DA:42,2
DA:43,2
DA:46,1
DA:49,3
DA:62,2
DA:63,2
DA:65,2
DA:66,2
DA:68,2
DA:69,1
DA:72,1
DA:81,2
DA:83,4
DA:84,2
DA:85,1
DA:87,1
DA:97,2
DA:99,4
DA:100,2
DA:101,1
DA:104,1
DA:105,1
DA:124,3
DA:131,3
DA:132,3
DA:133,1
DA:137,2
DA:138,2
DA:139,1
DA:144,1
LF:39
LH:39
BRDA:32,0,0,2
BRDA:32,0,1,1
BRDA:65,1,0,2
BRDA:65,1,1,0
BRDA:66,2,0,2
BRDA:66,2,1,1
BRDA:68,3,0,1
BRDA:104,4,0,1
BRDA:104,4,1,0
BRDA:132,5,0,1
BRDA:138,6,0,1
BRF:11
BRH:9
end_of_record
