TN:
SF:src/utilities/accessibility.ts
FN:5,runAccessibilityScan
FNF:1
FNH:0
FNDA:0,runAccessibilityScan
DA:1,0
DA:5,0
DA:6,0
DA:16,0
LF:4
LH:0
BRF:0
BRH:0
end_of_record
TN:
SF:src/utilities/apiToken.ts
FN:3,generateToken
FN:11,(anonymous_1)
FN:31,getToken
FNF:3
FNH:0
FNDA:0,generateToken
FNDA:0,(anonymous_1)
FNDA:0,getToken
DA:1,0
DA:3,0
DA:11,0
DA:12,0
DA:27,0
DA:28,0
DA:31,0
DA:32,0
DA:33,0
DA:34,0
LF:10
LH:0
BRDA:33,0,0,0
BRDA:33,0,1,0
BRF:2
BRH:0
end_of_record
TN:
SF:src/utilities/pdfValidator.ts
FN:15,(anonymous_9)
FN:34,(anonymous_10)
FN:35,(anonymous_11)
FN:38,(anonymous_12)
FN:58,(anonymous_13)
FN:80,(anonymous_14)
FN:83,(anonymous_15)
FN:96,(anonymous_16)
FN:99,(anonymous_17)
FN:117,(anonymous_18)
FNF:10
FNH:10
FNDA:3,(anonymous_9)
FNDA:2,(anonymous_10)
FNDA:2,(anonymous_11)
FNDA:1,(anonymous_12)
FNDA:2,(anonymous_13)
FNDA:2,(anonymous_14)
FNDA:2,(anonymous_15)
FNDA:2,(anonymous_16)
FNDA:2,(anonymous_17)
FNDA:3,(anonymous_18)
DA:7,1
DA:21,3
DA:24,3
DA:27,3
DA:28,3
DA:32,3
DA:34,4
DA:35,4
DA:38,2
DA:42,2
DA:43,2
DA:46,1
DA:49,3
DA:62,2
DA:63,2
DA:65,2
DA:66,2
DA:68,2
DA:69,1
DA:72,1
DA:81,2
DA:83,4
DA:84,2
DA:85,1
DA:87,1
DA:97,2
DA:99,4
DA:100,2
DA:101,1
DA:104,1
DA:105,1
DA:124,3
DA:131,3
DA:132,3
DA:133,1
DA:137,2
DA:138,2
DA:139,1
DA:144,1
LF:39
LH:39
BRDA:32,0,0,2
BRDA:32,0,1,1
BRDA:65,1,0,2
BRDA:65,1,1,0
BRDA:66,2,0,2
BRDA:66,2,1,1
BRDA:68,3,0,1
BRDA:104,4,0,1
BRDA:104,4,1,0
BRDA:132,5,0,1
BRDA:138,6,0,1
BRF:11
BRH:9
end_of_record
TN:
SF:src/utilities/test-utils.ts
FN:14,addTestAnnotations
FN:35,captureAndAttachScreenshot
FN:49,step
FN:50,(anonymous_3)
FN:51,replacementMethod
FN:54,(anonymous_5)
FNF:6
FNH:0
FNDA:0,addTestAnnotations
FNDA:0,captureAndAttachScreenshot
FNDA:0,step
FNDA:0,(anonymous_3)
FNDA:0,replacementMethod
FNDA:0,(anonymous_5)
DA:3,0
DA:14,0
DA:20,0
DA:21,0
DA:23,0
DA:35,0
DA:39,0
DA:40,0
DA:41,0
DA:42,0
DA:49,0
DA:50,0
DA:51,0
DA:53,0
DA:54,0
DA:55,0
LF:16
LH:0
BRDA:53,0,0,0
BRDA:53,0,1,0
BRF:2
BRH:0
end_of_record
